<?xml version="1.0" encoding="UTF-8"?>
<testsuite name="com.github.jonmarsh.waveform_processing_for_imagej.WaveformUtilsTest" time="0.005" tests="69" errors="0" skipped="0" failures="0">
  <properties>
    <property name="java.runtime.name" value="Java(TM) SE Runtime Environment"/>
    <property name="sun.boot.library.path" value="/System/Library/Java/JavaVirtualMachines/1.6.0.jdk/Contents/Libraries"/>
    <property name="java.vm.version" value="20.65-b04-466.1"/>
    <property name="awt.nativeDoubleBuffering" value="true"/>
    <property name="gopherProxySet" value="false"/>
    <property name="mrj.build" value="11M4716"/>
    <property name="java.vm.vendor" value="Apple Inc."/>
    <property name="java.vendor.url" value="http://www.apple.com/"/>
    <property name="path.separator" value=":"/>
    <property name="guice.disable.misplaced.annotation.check" value="true"/>
    <property name="java.vm.name" value="Java HotSpot(TM) 64-Bit Server VM"/>
    <property name="file.encoding.pkg" value="sun.io"/>
    <property name="user.country" value="US"/>
    <property name="sun.java.launcher" value="SUN_STANDARD"/>
    <property name="sun.os.patch.level" value="unknown"/>
    <property name="java.vm.specification.name" value="Java Virtual Machine Specification"/>
    <property name="user.dir" value="/Users/jnm/NetBeansProjects/waveform_processing_for_imagej"/>
    <property name="java.runtime.version" value="1.6.0_65-b14-466.1-11M4716"/>
    <property name="java.awt.graphicsenv" value="apple.awt.CGraphicsEnvironment"/>
    <property name="java.endorsed.dirs" value="/System/Library/Java/JavaVirtualMachines/1.6.0.jdk/Contents/Home/lib/endorsed"/>
    <property name="os.arch" value="x86_64"/>
    <property name="java.io.tmpdir" value="/var/folders/w7/ytjb18d16d94jbl3pj2sbfvr0000gn/T/"/>
    <property name="line.separator" value="&#10;"/>
    <property name="java.vm.specification.vendor" value="Sun Microsystems Inc."/>
    <property name="os.name" value="Mac OS X"/>
    <property name="maven.ext.class.path" value="/Applications/NetBeans/NetBeans 8.0.2.app/Contents/Resources/NetBeans/java/maven-nblib/netbeans-eventspy.jar"/>
    <property name="classworlds.conf" value="/Applications/NetBeans/NetBeans 8.0.2.app/Contents/Resources/NetBeans/java/maven/bin/m2.conf"/>
    <property name="sun.jnu.encoding" value="MacRoman"/>
    <property name="java.library.path" value="/Applications/NetBeans/NetBeans 8.0.2.app/Contents/Resources/NetBeans/webcommon/bin::.:/Library/Java/Extensions:/System/Library/Java/Extensions:/usr/lib/java"/>
    <property name="java.specification.name" value="Java Platform API Specification"/>
    <property name="java.class.version" value="50.0"/>
    <property name="sun.management.compiler" value="HotSpot 64-Bit Tiered Compilers"/>
    <property name="os.version" value="10.10.3"/>
    <property name="http.nonProxyHosts" value="local|*.local|169.254/16|*.169.254/16"/>
    <property name="user.home" value="/Users/jnm"/>
    <property name="user.timezone" value="America/Chicago"/>
    <property name="java.awt.printerjob" value="apple.awt.CPrinterJob"/>
    <property name="java.specification.version" value="1.6"/>
    <property name="file.encoding" value="MacRoman"/>
    <property name="user.name" value="jnm"/>
    <property name="java.class.path" value="/Applications/NetBeans/NetBeans 8.0.2.app/Contents/Resources/NetBeans/java/maven/boot/plexus-classworlds-2.4.jar"/>
    <property name="java.vm.specification.version" value="1.0"/>
    <property name="sun.arch.data.model" value="64"/>
    <property name="java.home" value="/System/Library/Java/JavaVirtualMachines/1.6.0.jdk/Contents/Home"/>
    <property name="sun.java.command" value="org.codehaus.plexus.classworlds.launcher.Launcher -Dmaven.ext.class.path=/Applications/NetBeans/NetBeans 8.0.2.app/Contents/Resources/NetBeans/java/maven-nblib/netbeans-eventspy.jar clean install"/>
    <property name="java.specification.vendor" value="Sun Microsystems Inc."/>
    <property name="user.language" value="en"/>
    <property name="awt.toolkit" value="apple.awt.CToolkit"/>
    <property name="java.vm.info" value="mixed mode"/>
    <property name="java.version" value="1.6.0_65"/>
    <property name="java.ext.dirs" value="/Library/Java/Extensions:/System/Library/Java/Extensions:/System/Library/Java/JavaVirtualMachines/1.6.0.jdk/Contents/Home/lib/ext"/>
    <property name="sun.boot.class.path" value="/System/Library/Java/JavaVirtualMachines/1.6.0.jdk/Contents/Classes/jsfd.jar:/System/Library/Java/JavaVirtualMachines/1.6.0.jdk/Contents/Classes/classes.jar:/System/Library/Frameworks/JavaVM.framework/Frameworks/JavaRuntimeSupport.framework/Resources/Java/JavaRuntimeSupport.jar:/System/Library/Java/JavaVirtualMachines/1.6.0.jdk/Contents/Classes/ui.jar:/System/Library/Java/JavaVirtualMachines/1.6.0.jdk/Contents/Classes/laf.jar:/System/Library/Java/JavaVirtualMachines/1.6.0.jdk/Contents/Classes/sunrsasign.jar:/System/Library/Java/JavaVirtualMachines/1.6.0.jdk/Contents/Classes/jsse.jar:/System/Library/Java/JavaVirtualMachines/1.6.0.jdk/Contents/Classes/jce.jar:/System/Library/Java/JavaVirtualMachines/1.6.0.jdk/Contents/Classes/charsets.jar"/>
    <property name="java.vendor" value="Apple Inc."/>
    <property name="maven.home" value="/Applications/NetBeans/NetBeans 8.0.2.app/Contents/Resources/NetBeans/java/maven"/>
    <property name="file.separator" value="/"/>
    <property name="java.vendor.url.bug" value="http://bugreport.apple.com/"/>
    <property name="sun.cpu.endian" value="little"/>
    <property name="sun.io.unicode.encoding" value="UnicodeLittle"/>
    <property name="mrj.version" value="1070.1.6.0_65-466.1"/>
    <property name="socksNonProxyHosts" value="local|*.local|169.254/16|*.169.254/16"/>
    <property name="ftp.nonProxyHosts" value="local|*.local|169.254/16|*.169.254/16"/>
    <property name="sun.cpu.isalist" value=""/>
  </properties>
  <testcase name="testMedian_floatArr" classname="com.github.jonmarsh.waveform_processing_for_imagej.WaveformUtilsTest" time="0"/>
  <testcase name="testSimpleDerivative_doubleArr_double" classname="com.github.jonmarsh.waveform_processing_for_imagej.WaveformUtilsTest" time="0"/>
  <testcase name="testFftRealPowerOf2Inverse" classname="com.github.jonmarsh.waveform_processing_for_imagej.WaveformUtilsTest" time="0"/>
  <testcase name="testFftComplexPowerOf2_3args" classname="com.github.jonmarsh.waveform_processing_for_imagej.WaveformUtilsTest" time="0"/>
  <testcase name="testFftComplexPowerOf2_5args" classname="com.github.jonmarsh.waveform_processing_for_imagej.WaveformUtilsTest" time="0"/>
  <testcase name="testRotateArrayInPlace_doubleArr_int" classname="com.github.jonmarsh.waveform_processing_for_imagej.WaveformUtilsTest" time="0"/>
  <testcase name="testMinIndex_floatArr" classname="com.github.jonmarsh.waveform_processing_for_imagej.WaveformUtilsTest" time="0"/>
  <testcase name="testCubicSplineInterpolantUniformSpacing_DoubleArgs" classname="com.github.jonmarsh.waveform_processing_for_imagej.WaveformUtilsTest" time="0"/>
  <testcase name="testCubicSplineInterpolantUniformSpacingFromTo_FloatArgs" classname="com.github.jonmarsh.waveform_processing_for_imagej.WaveformUtilsTest" time="0"/>
  <testcase name="testMeanAndVariance_floatArr_boolean" classname="com.github.jonmarsh.waveform_processing_for_imagej.WaveformUtilsTest" time="0"/>
  <testcase name="testMultiplyScalarInPlace_4args_1" classname="com.github.jonmarsh.waveform_processing_for_imagej.WaveformUtilsTest" time="0"/>
  <testcase name="testMultiplyScalarInPlace_4args_2" classname="com.github.jonmarsh.waveform_processing_for_imagej.WaveformUtilsTest" time="0"/>
  <testcase name="testMedian_doubleArr" classname="com.github.jonmarsh.waveform_processing_for_imagej.WaveformUtilsTest" time="0"/>
  <testcase name="testPow" classname="com.github.jonmarsh.waveform_processing_for_imagej.WaveformUtilsTest" time="0"/>
  <testcase name="testCubicSplineInterpolant_DoubleArgs" classname="com.github.jonmarsh.waveform_processing_for_imagej.WaveformUtilsTest" time="0.001"/>
  <testcase name="testSmoothingSplineInterpolantUniformSpacing_4args_1" classname="com.github.jonmarsh.waveform_processing_for_imagej.WaveformUtilsTest" time="0"/>
  <testcase name="testSmoothingSplineInterpolantUniformSpacing_4args_2" classname="com.github.jonmarsh.waveform_processing_for_imagej.WaveformUtilsTest" time="0"/>
  <testcase name="testMultiplyScalarInPlace_doubleArr_double" classname="com.github.jonmarsh.waveform_processing_for_imagej.WaveformUtilsTest" time="0"/>
  <testcase name="testSimpleDerivative_floatArr_float" classname="com.github.jonmarsh.waveform_processing_for_imagej.WaveformUtilsTest" time="0"/>
  <testcase name="testLog2" classname="com.github.jonmarsh.waveform_processing_for_imagej.WaveformUtilsTest" time="0"/>
  <testcase name="testMaxIndex_doubleArr" classname="com.github.jonmarsh.waveform_processing_for_imagej.WaveformUtilsTest" time="0"/>
  <testcase name="testPadMultipleWaveformsToPowerOf2_3args_1" classname="com.github.jonmarsh.waveform_processing_for_imagej.WaveformUtilsTest" time="0"/>
  <testcase name="testPadMultipleWaveformsToPowerOf2_3args_2" classname="com.github.jonmarsh.waveform_processing_for_imagej.WaveformUtilsTest" time="0"/>
  <testcase name="testReverseArrayInPlace_doubleArr" classname="com.github.jonmarsh.waveform_processing_for_imagej.WaveformUtilsTest" time="0"/>
  <testcase name="testRotateArrayInPlace_4args_1" classname="com.github.jonmarsh.waveform_processing_for_imagej.WaveformUtilsTest" time="0"/>
  <testcase name="testRotateArrayInPlace_4args_2" classname="com.github.jonmarsh.waveform_processing_for_imagej.WaveformUtilsTest" time="0"/>
  <testcase name="testReverseArrayInPlace_intArr" classname="com.github.jonmarsh.waveform_processing_for_imagej.WaveformUtilsTest" time="0"/>
  <testcase name="testIsPowerOf2" classname="com.github.jonmarsh.waveform_processing_for_imagej.WaveformUtilsTest" time="0"/>
  <testcase name="testQuadraticRoots" classname="com.github.jonmarsh.waveform_processing_for_imagej.WaveformUtilsTest" time="0.002"/>
  <testcase name="testMean_floatArr" classname="com.github.jonmarsh.waveform_processing_for_imagej.WaveformUtilsTest" time="0"/>
  <testcase name="testMeanAndVariance_doubleArr_boolean" classname="com.github.jonmarsh.waveform_processing_for_imagej.WaveformUtilsTest" time="0"/>
  <testcase name="testFftRealPowerOf2Forward" classname="com.github.jonmarsh.waveform_processing_for_imagej.WaveformUtilsTest" time="0.001"/>
  <testcase name="testReverseArrayInPlace_3args_1" classname="com.github.jonmarsh.waveform_processing_for_imagej.WaveformUtilsTest" time="0"/>
  <testcase name="testReverseArrayInPlace_3args_2" classname="com.github.jonmarsh.waveform_processing_for_imagej.WaveformUtilsTest" time="0"/>
  <testcase name="testReverseArrayInPlace_3args_3" classname="com.github.jonmarsh.waveform_processing_for_imagej.WaveformUtilsTest" time="0"/>
  <testcase name="testAddScalarInPlace_floatArr_float" classname="com.github.jonmarsh.waveform_processing_for_imagej.WaveformUtilsTest" time="0"/>
  <testcase name="testAddScalar_floatArr_float" classname="com.github.jonmarsh.waveform_processing_for_imagej.WaveformUtilsTest" time="0"/>
  <testcase name="testPadToPowerOf2_floatArr_float" classname="com.github.jonmarsh.waveform_processing_for_imagej.WaveformUtilsTest" time="0"/>
  <testcase name="testMaxIndex_floatArr" classname="com.github.jonmarsh.waveform_processing_for_imagej.WaveformUtilsTest" time="0"/>
  <testcase name="testMedian_3args_1" classname="com.github.jonmarsh.waveform_processing_for_imagej.WaveformUtilsTest" time="0"/>
  <testcase name="testMedian_3args_2" classname="com.github.jonmarsh.waveform_processing_for_imagej.WaveformUtilsTest" time="0"/>
  <testcase name="testSmoothingSplineInterpolantUniformSpacing_6args_1" classname="com.github.jonmarsh.waveform_processing_for_imagej.WaveformUtilsTest" time="0"/>
  <testcase name="testSmoothingSplineInterpolantUniformSpacing_6args_2" classname="com.github.jonmarsh.waveform_processing_for_imagej.WaveformUtilsTest" time="0"/>
  <testcase name="testFastHilbertTransformPowerOf2" classname="com.github.jonmarsh.waveform_processing_for_imagej.WaveformUtilsTest" time="0"/>
  <testcase name="testWindowFunction" classname="com.github.jonmarsh.waveform_processing_for_imagej.WaveformUtilsTest" time="0"/>
  <testcase name="testWindowFunctionSingleSided" classname="com.github.jonmarsh.waveform_processing_for_imagej.WaveformUtilsTest" time="0"/>
  <testcase name="testCubicSplineInterpolantUniformSpacing_FloatArgs" classname="com.github.jonmarsh.waveform_processing_for_imagej.WaveformUtilsTest" time="0"/>
  <testcase name="testCubicRoots" classname="com.github.jonmarsh.waveform_processing_for_imagej.WaveformUtilsTest" time="0"/>
  <testcase name="testMeanAndVariance_4args_1" classname="com.github.jonmarsh.waveform_processing_for_imagej.WaveformUtilsTest" time="0"/>
  <testcase name="testMeanAndVariance_4args_2" classname="com.github.jonmarsh.waveform_processing_for_imagej.WaveformUtilsTest" time="0"/>
  <testcase name="testAmountToPadToNextPowerOf2" classname="com.github.jonmarsh.waveform_processing_for_imagej.WaveformUtilsTest" time="0"/>
  <testcase name="testCubicSplineInterpolant_FloatArgs" classname="com.github.jonmarsh.waveform_processing_for_imagej.WaveformUtilsTest" time="0"/>
  <testcase name="testPadToPowerOf2_doubleArr_double" classname="com.github.jonmarsh.waveform_processing_for_imagej.WaveformUtilsTest" time="0"/>
  <testcase name="testAddScalarInPlace_doubleArr_double" classname="com.github.jonmarsh.waveform_processing_for_imagej.WaveformUtilsTest" time="0"/>
  <testcase name="testMean_3args_1" classname="com.github.jonmarsh.waveform_processing_for_imagej.WaveformUtilsTest" time="0"/>
  <testcase name="testMean_3args_2" classname="com.github.jonmarsh.waveform_processing_for_imagej.WaveformUtilsTest" time="0"/>
  <testcase name="testCubicSplineInterpolantUniformSpacingFromTo_DoubleArgs" classname="com.github.jonmarsh.waveform_processing_for_imagej.WaveformUtilsTest" time="0"/>
  <testcase name="testAddScalarInPlace_4args_1" classname="com.github.jonmarsh.waveform_processing_for_imagej.WaveformUtilsTest" time="0.001"/>
  <testcase name="testAddScalarInPlace_4args_2" classname="com.github.jonmarsh.waveform_processing_for_imagej.WaveformUtilsTest" time="0"/>
  <testcase name="testMean_doubleArr" classname="com.github.jonmarsh.waveform_processing_for_imagej.WaveformUtilsTest" time="0"/>
  <testcase name="testMultiplyScalarInPlace_floatArr_float" classname="com.github.jonmarsh.waveform_processing_for_imagej.WaveformUtilsTest" time="0"/>
  <testcase name="testRotateArrayInPlace_floatArr_int" classname="com.github.jonmarsh.waveform_processing_for_imagej.WaveformUtilsTest" time="0"/>
  <testcase name="testMultiplyScalar_floatArr_float" classname="com.github.jonmarsh.waveform_processing_for_imagej.WaveformUtilsTest" time="0"/>
  <testcase name="testReverseArrayInPlace_floatArr" classname="com.github.jonmarsh.waveform_processing_for_imagej.WaveformUtilsTest" time="0"/>
  <testcase name="testMinIndex_doubleArr" classname="com.github.jonmarsh.waveform_processing_for_imagej.WaveformUtilsTest" time="0"/>
  <testcase name="testMedianAndSort_floatArr" classname="com.github.jonmarsh.waveform_processing_for_imagej.WaveformUtilsTest" time="0"/>
  <testcase name="testMedianAndSort_doubleArr" classname="com.github.jonmarsh.waveform_processing_for_imagej.WaveformUtilsTest" time="0"/>
  <testcase name="testAddScalar_doubleArr_double" classname="com.github.jonmarsh.waveform_processing_for_imagej.WaveformUtilsTest" time="0"/>
  <testcase name="testMultiplyScalar_doubleArr_double" classname="com.github.jonmarsh.waveform_processing_for_imagej.WaveformUtilsTest" time="0"/>
</testsuite>